<?xml version="1.0" encoding="UTF-8"?>
<robot generator="Robot 7.3.2 (Python 3.12.3 on linux)" generated="2025-11-11T20:36:48.362967" rpa="false" schemaversion="5">
<suite id="s1" name="Tests" source="/home/mosse/opiskelu/ohtu/ohtu_palautus/viikko3/hello-robot/src/tests">
<suite id="s1-s1" name="Increase Counter" source="/home/mosse/opiskelu/ohtu/ohtu_palautus/viikko3/hello-robot/src/tests/increase_counter.robot">
<test id="s1-s1-t1" name="Increase Counter Once" line="5">
<kw name="Counter Value Should Be" owner="CounterLibrary">
<arg>0</arg>
<status status="PASS" start="2025-11-11T20:36:48.385817" elapsed="0.000086"/>
</kw>
<kw name="Increase Counter" owner="CounterLibrary">
<status status="PASS" start="2025-11-11T20:36:48.386306" elapsed="0.000069"/>
</kw>
<kw name="Counter Value Should Be" owner="CounterLibrary">
<arg>1</arg>
<status status="PASS" start="2025-11-11T20:36:48.386471" elapsed="0.000059"/>
</kw>
<status status="PASS" start="2025-11-11T20:36:48.385453" elapsed="0.001160"/>
</test>
<test id="s1-s1-t2" name="Increase Counter Many Times" line="10">
<kw name="Counter Value Should Be" owner="CounterLibrary">
<arg>0</arg>
<status status="PASS" start="2025-11-11T20:36:48.386884" elapsed="0.000054"/>
</kw>
<kw name="Increase Counter" owner="CounterLibrary">
<status status="PASS" start="2025-11-11T20:36:48.387011" elapsed="0.000038"/>
</kw>
<kw name="Increase Counter" owner="CounterLibrary">
<status status="PASS" start="2025-11-11T20:36:48.387293" elapsed="0.000063"/>
</kw>
<kw name="Increase Counter" owner="CounterLibrary">
<status status="PASS" start="2025-11-11T20:36:48.387523" elapsed="0.000048"/>
</kw>
<kw name="Counter Value Should Be" owner="CounterLibrary">
<arg>3</arg>
<status status="PASS" start="2025-11-11T20:36:48.387675" elapsed="0.000062"/>
</kw>
<status status="PASS" start="2025-11-11T20:36:48.386739" elapsed="0.001113"/>
</test>
<test id="s1-s1-t3" name="Increment Counter By Amount" line="17">
<kw name="Counter Value Should Be" owner="CounterLibrary">
<arg>0</arg>
<status status="PASS" start="2025-11-11T20:36:48.388296" elapsed="0.000064"/>
</kw>
<kw name="Increment Counter By" owner="CounterLibrary">
<arg>5</arg>
<status status="PASS" start="2025-11-11T20:36:48.388466" elapsed="0.000060"/>
</kw>
<kw name="Counter Value Should Be" owner="CounterLibrary">
<arg>5</arg>
<status status="PASS" start="2025-11-11T20:36:48.388762" elapsed="0.000072"/>
</kw>
<status status="PASS" start="2025-11-11T20:36:48.388145" elapsed="0.000856"/>
</test>
<status status="PASS" start="2025-11-11T20:36:48.382997" elapsed="0.006490"/>
</suite>
<suite id="s1-s2" name="Reset Counter" source="/home/mosse/opiskelu/ohtu/ohtu_palautus/viikko3/hello-robot/src/tests/reset_counter.robot">
<test id="s1-s2-t1" name="Reset Counter After One Increment" line="5">
<kw name="Counter Value Should Be" owner="CounterLibrary">
<arg>0</arg>
<status status="PASS" start="2025-11-11T20:36:48.390980" elapsed="0.000073"/>
</kw>
<kw name="Increase Counter" owner="CounterLibrary">
<status status="PASS" start="2025-11-11T20:36:48.391113" elapsed="0.000039"/>
</kw>
<kw name="Counter Value Should Be" owner="CounterLibrary">
<arg>1</arg>
<status status="PASS" start="2025-11-11T20:36:48.391220" elapsed="0.000043"/>
</kw>
<kw name="Reset Counter" owner="CounterLibrary">
<status status="PASS" start="2025-11-11T20:36:48.391321" elapsed="0.000037"/>
</kw>
<kw name="Counter Value Should Be" owner="CounterLibrary">
<arg>0</arg>
<status status="PASS" start="2025-11-11T20:36:48.391414" elapsed="0.000038"/>
</kw>
<status status="PASS" start="2025-11-11T20:36:48.390830" elapsed="0.000694"/>
</test>
<test id="s1-s2-t2" name="Reset Counter After Several Increments" line="12">
<kw name="Counter Value Should Be" owner="CounterLibrary">
<arg>0</arg>
<status status="PASS" start="2025-11-11T20:36:48.391753" elapsed="0.000152"/>
</kw>
<kw name="Increment Counter By" owner="CounterLibrary">
<arg>5</arg>
<status status="PASS" start="2025-11-11T20:36:48.391983" elapsed="0.000047"/>
</kw>
<kw name="Counter Value Should Be" owner="CounterLibrary">
<arg>5</arg>
<status status="PASS" start="2025-11-11T20:36:48.392092" elapsed="0.000039"/>
</kw>
<kw name="Reset Counter" owner="CounterLibrary">
<status status="PASS" start="2025-11-11T20:36:48.392188" elapsed="0.000049"/>
</kw>
<kw name="Counter Value Should Be" owner="CounterLibrary">
<arg>0</arg>
<status status="PASS" start="2025-11-11T20:36:48.392280" elapsed="0.000035"/>
</kw>
<status status="PASS" start="2025-11-11T20:36:48.391620" elapsed="0.000762"/>
</test>
<status status="PASS" start="2025-11-11T20:36:48.389892" elapsed="0.002665"/>
</suite>
<status status="PASS" start="2025-11-11T20:36:48.363491" elapsed="0.029300"/>
</suite>
<statistics>
<total>
<stat pass="5" fail="0" skip="0">All Tests</stat>
</total>
<tag>
</tag>
<suite>
<stat name="Tests" id="s1" pass="5" fail="0" skip="0">Tests</stat>
<stat name="Increase Counter" id="s1-s1" pass="3" fail="0" skip="0">Tests.Increase Counter</stat>
<stat name="Reset Counter" id="s1-s2" pass="2" fail="0" skip="0">Tests.Reset Counter</stat>
</suite>
</statistics>
<errors>
</errors>
</robot>
